<?xml version="1.0" encoding="UTF-8"?>
<testng-results ignored="0" total="1" passed="1" failed="0" skipped="0">
  <reporter-output>
  </reporter-output>
  <suite started-at="2023-10-19T08:09:11 IST" name="Default suite" finished-at="2023-10-19T08:09:33 IST" duration-ms="21881">
    <groups>
    </groups>
    <test started-at="2023-10-19T08:09:11 IST" name="Default test" finished-at="2023-10-19T08:09:33 IST" duration-ms="21881">
      <class name="com.obsqura.tests.CreateContact">
        <test-method is-config="true" signature="InitializeDriver(java.lang.String)[pri:0, instance:com.obsqura.tests.CreateContact@7ef82753]" started-at="2023-10-19T08:09:11 IST" name="InitializeDriver" finished-at="2023-10-19T08:09:19 IST" duration-ms="7814" status="PASS">
          <params>
            <param index="0">
              <value is-null="true"/>
            </param>
          </params>
          <reporter-output>
          </reporter-output>
        </test-method> <!-- InitializeDriver -->
        <test-method signature="CreateContactTest()[pri:0, instance:com.obsqura.tests.CreateContact@7ef82753]" started-at="2023-10-19T08:09:19 IST" name="CreateContactTest" finished-at="2023-10-19T08:09:33 IST" duration-ms="13986" status="PASS">
          <reporter-output>
          </reporter-output>
        </test-method> <!-- CreateContactTest -->
        <test-method is-config="true" signature="TearDown()[pri:0, instance:com.obsqura.tests.CreateContact@7ef82753]" started-at="2023-10-19T08:09:33 IST" name="TearDown" finished-at="2023-10-19T08:09:33 IST" duration-ms="1" status="PASS">
          <reporter-output>
          </reporter-output>
        </test-method> <!-- TearDown -->
      </class> <!-- com.obsqura.tests.CreateContact -->
    </test> <!-- Default test -->
  </suite> <!-- Default suite -->
</testng-results>
